Determining if the pthread_create exist failed with the following output:
Change Dir: /home/luo/work/filter_ws/src/kalman_filter_pkg/build/CMakeFiles/CMakeTmp

Run Build Command:"/usr/bin/ninja" "cmTC_af4d8"
[1/2] Building C object CMakeFiles/cmTC_af4d8.dir/CheckSymbolExists.c.o
[2/2] Linking C executable cmTC_af4d8
FAILED: : && /usr/bin/x86_64-linux-gnu-gcc-5     CMakeFiles/cmTC_af4d8.dir/CheckSymbolExists.c.o  -o cmTC_af4d8  -rdynamic && :
CMakeFiles/cmTC_af4d8.dir/CheckSymbolExists.c.o: In function `main':
CheckSymbolExists.c:(.text+0x16): undefined reference to `pthread_create'
collect2: error: ld returned 1 exit status
ninja: build stopped: subcommand failed.

File /home/luo/work/filter_ws/src/kalman_filter_pkg/build/CMakeFiles/CMakeTmp/CheckSymbolExists.c:
/* */
#include <pthread.h>

int main(int argc, char** argv)
{
  (void)argv;
#ifndef pthread_create
  return ((int*)(&pthread_create))[argc];
#else
  (void)argc;
  return 0;
#endif
}

Determining if the function pthread_create exists in the pthreads failed with the following output:
Change Dir: /home/luo/work/filter_ws/src/kalman_filter_pkg/build/CMakeFiles/CMakeTmp

Run Build Command:"/usr/bin/ninja" "cmTC_5d898"
[1/2] Building C object CMakeFiles/cmTC_5d898.dir/CheckFunctionExists.c.o
[2/2] Linking C executable cmTC_5d898
FAILED: : && /usr/bin/x86_64-linux-gnu-gcc-5  -DCHECK_FUNCTION_EXISTS=pthread_create   CMakeFiles/cmTC_5d898.dir/CheckFunctionExists.c.o  -o cmTC_5d898  -rdynamic -lpthreads && :
/usr/bin/ld: cannot find -lpthreads
collect2: error: ld returned 1 exit status
ninja: build stopped: subcommand failed.


